Traceback (most recent call last):
  File "/home/angel/miniconda3/envs/mol-gnn/lib/python3.10/runpy.py", line 196, in _run_module_as_main
    return _run_code(code, main_globals, None,
  File "/home/angel/miniconda3/envs/mol-gnn/lib/python3.10/runpy.py", line 86, in _run_code
    exec(code, run_globals)
  File "/mnt/c/Users/Angel/Desktop/GNNs/project/GNNProject/src/cli/train.py", line 34, in <module>
    from src.train.loop import build_argparser, run as run_loop
  File "/mnt/c/Users/Angel/Desktop/GNNs/project/GNNProject/src/train/loop.py", line 26, in <module>
    import torch
  File "/home/angel/miniconda3/envs/mol-gnn/lib/python3.10/site-packages/torch/__init__.py", line 2143, in <module>
    from . import _meta_registrations
  File "/home/angel/miniconda3/envs/mol-gnn/lib/python3.10/site-packages/torch/_meta_registrations.py", line 9, in <module>
    from torch._decomp import (
  File "/home/angel/miniconda3/envs/mol-gnn/lib/python3.10/site-packages/torch/_decomp/__init__.py", line 245, in <module>
    import torch._decomp.decompositions
  File "/home/angel/miniconda3/envs/mol-gnn/lib/python3.10/site-packages/torch/_decomp/decompositions.py", line 12, in <module>
    import torch._prims as prims
  File "/home/angel/miniconda3/envs/mol-gnn/lib/python3.10/site-packages/torch/_prims/__init__.py", line 1119, in <module>
    minimum = _make_elementwise_binary_prim(
  File "/home/angel/miniconda3/envs/mol-gnn/lib/python3.10/site-packages/torch/_prims/__init__.py", line 487, in _make_elementwise_binary_prim
    return _make_prim(
  File "/home/angel/miniconda3/envs/mol-gnn/lib/python3.10/site-packages/torch/_prims/__init__.py", line 320, in _make_prim
    prim_def = torch.library.custom_op(
  File "/home/angel/miniconda3/envs/mol-gnn/lib/python3.10/site-packages/torch/_library/custom_ops.py", line 142, in custom_op
    return inner(fn)
  File "/home/angel/miniconda3/envs/mol-gnn/lib/python3.10/site-packages/torch/_library/custom_ops.py", line 123, in inner
    result = CustomOpDef(namespace, opname, schema_str, fn)
  File "/home/angel/miniconda3/envs/mol-gnn/lib/python3.10/site-packages/torch/_library/custom_ops.py", line 169, in __init__
    self._register_to_dispatcher()
  File "/home/angel/miniconda3/envs/mol-gnn/lib/python3.10/site-packages/torch/_library/custom_ops.py", line 475, in _register_to_dispatcher
    autograd_impl = _library.autograd.make_autograd_impl(self._opoverload, self)
  File "/home/angel/miniconda3/envs/mol-gnn/lib/python3.10/site-packages/torch/_library/autograd.py", line 29, in make_autograd_impl
    class Metadata:
  File "/home/angel/miniconda3/envs/mol-gnn/lib/python3.10/dataclasses.py", line 1184, in dataclass
    return wrap(cls)
  File "/home/angel/miniconda3/envs/mol-gnn/lib/python3.10/dataclasses.py", line 1175, in wrap
    return _process_class(cls, init, repr, eq, order, unsafe_hash,
  File "/home/angel/miniconda3/envs/mol-gnn/lib/python3.10/dataclasses.py", line 1044, in _process_class
    _set_new_attribute(cls, '__repr__', _repr_fn(flds, globals))
  File "/home/angel/miniconda3/envs/mol-gnn/lib/python3.10/dataclasses.py", line 588, in _repr_fn
    fn = _create_fn('__repr__',
  File "/home/angel/miniconda3/envs/mol-gnn/lib/python3.10/dataclasses.py", line 432, in _create_fn
    exec(txt, globals, ns)
  File "<string>", line 1, in <module>
KeyboardInterrupt
